<?xml version="1.0" encoding="UTF-8"?>
<testsuite name="edu.vt.ece.spin.CompositeFastPathLockTest" tests="1" skipped="0" failures="0" errors="0" timestamp="2024-11-04T02:31:34" hostname="LAPTOP-8T83RLDA" time="0.19">
  <properties/>
  <testcase name="testParallel" classname="edu.vt.ece.spin.CompositeFastPathLockTest" time="0.19"/>
  <system-out><![CDATA[Fast path taken: 223/32768
]]></system-out>
  <system-err><![CDATA[]]></system-err>
</testsuite>
