<?xml version="1.0" encoding="UTF-8"?>
<testsuite name="edu.vt.ece.spin.TTASLockTest" tests="1" skipped="0" failures="0" errors="0" timestamp="2024-11-04T02:31:35" hostname="LAPTOP-8T83RLDA" time="0.004">
  <properties/>
  <testcase name="testParallel" classname="edu.vt.ece.spin.TTASLockTest" time="0.004"/>
  <system-out><![CDATA[parallel
]]></system-out>
  <system-err><![CDATA[]]></system-err>
</testsuite>
