<?xml version="1.0" encoding="UTF-8"?>
<testsuite name="edu.vt.ece.spin.BackoffLockTest" tests="1" skipped="0" failures="0" errors="0" timestamp="2024-11-04T02:31:34" hostname="LAPTOP-8T83RLDA" time="0.034">
  <properties/>
  <testcase name="testParallel" classname="edu.vt.ece.spin.BackoffLockTest" time="0.034"/>
  <system-out><![CDATA[parallel
]]></system-out>
  <system-err><![CDATA[]]></system-err>
</testsuite>
